<?xml version="1.0" encoding="UTF-8"?>
<!-- Generated by org.testng.reporters.JUnitReportReporter -->
<testsuite hostname="DESKTOP-P049EEP" failures="0" tests="1" name="All_runners.LoggerRunner" time="0.255" errors="0" timestamp="2023-01-10T10:47:11 IST" skipped="0">
  <testcase classname="All_runners.LoggerRunner" name="methodA" time="0.255"/>
  <system-out/>
</testsuite> <!-- All_runners.LoggerRunner -->
