<?xml version="1.0" encoding="UTF-8"?>
<!-- Generated by org.testng.reporters.JUnitReportReporter -->
<testsuite hostname="DESKTOP-P049EEP" failures="0" tests="5" name="All_runners.Reports_Runner" time="0.957" errors="0" timestamp="2023-01-10T10:47:25 IST" skipped="0">
  <testcase classname="All_runners.Reports_Runner" name="e" time="0.658"/>
  <system-out/>
  <testcase classname="All_runners.Reports_Runner" name="b" time="0.006"/>
  <system-out/>
  <testcase classname="All_runners.Reports_Runner" name="a" time="0.284"/>
  <system-out/>
  <testcase classname="All_runners.Reports_Runner" name="d" time="0.003"/>
  <system-out/>
  <testcase classname="All_runners.Reports_Runner" name="c" time="0.006"/>
  <system-out/>
</testsuite> <!-- All_runners.Reports_Runner -->
