<?xml version="1.0" encoding="UTF-8"?>
<!-- Generated by org.testng.reporters.JUnitReportReporter -->
<testsuite hostname="DESKTOP-P049EEP" failures="0" tests="4" name="All_runners.loginRunner" time="29.502" errors="0" timestamp="2023-01-16T10:07:51 IST" skipped="0">
  <testcase classname="All_runners.loginRunner" name="login_Actions" time="6.414"/>
  <system-out/>
  <testcase classname="All_runners.loginRunner" name="login_Actions1" time="5.836"/>
  <system-out/>
  <testcase classname="All_runners.loginRunner" name="login_Actions2" time="11.077"/>
  <system-out/>
  <testcase classname="All_runners.loginRunner" name="login_Actions3" time="6.175"/>
  <system-out/>
</testsuite> <!-- All_runners.loginRunner -->
